<?xml version="1.0" encoding="UTF-8"?>
<!-- Generated by org.testng.reporters.JUnitReportReporter -->
<testsuite skipped="0" hostname="RK" name="com.orangehrm.webapplication.WebBrowser" tests="1" failures="0" timestamp="01 Jan 2018 14:29:38 GMT" time="12.043" errors="0">
  <testcase name="browser" time="12.043" classname="com.orangehrm.webapplication.WebBrowser"/>
</testsuite> <!-- com.orangehrm.webapplication.WebBrowser -->
