<?xml version="1.0" encoding="UTF-8"?>
<!-- Generated by org.testng.reporters.JUnitReportReporter -->
<testsuite skipped="0" hostname="RK" name="com.orangehrm.webapplication.WebBrowser" tests="1" failures="0" timestamp="09 Jan 2018 05:39:59 GMT" time="8.926" errors="0">
  <testcase name="browser" time="8.926" classname="com.orangehrm.webapplication.WebBrowser"/>
</testsuite> <!-- com.orangehrm.webapplication.WebBrowser -->
