<?xml version="1.0" encoding="UTF-8"?>
<!-- Generated by org.testng.reporters.JUnitReportReporter -->
<testsuite skipped="0" hostname="RK" name="com.orangehrm.webapplication.AllFunctions" tests="1" failures="0" timestamp="01 Jan 2018 09:58:03 GMT" time="0.025" errors="0">
  <testcase name="display" time="0.025" classname="com.orangehrm.webapplication.AllFunctions"/>
</testsuite> <!-- com.orangehrm.webapplication.AllFunctions -->
